<?xml version="1.0" encoding="UTF-8"?>
<!-- Generated by org.testng.reporters.JUnitReportReporter -->
<testsuite hostname="LAPTOP-U8J6L2EU" name="popularitesItems.PopularItemsTest" tests="3" failures="0" timestamp="10 Sep 2024 06:18:22 GMT" time="74.620" errors="0">
  <testcase name="SpeakerTest" time="24.887" classname="popularitesItems.PopularItemsTest"/>
  <testcase name="LaptopTest" time="25.597" classname="popularitesItems.PopularItemsTest"/>
  <testcase name="TabletTest" time="24.136" classname="popularitesItems.PopularItemsTest"/>
</testsuite> <!-- popularitesItems.PopularItemsTest -->
